<?xml version="1.0" encoding="UTF-8"?>
<!-- Generated by org.testng.reporters.JUnitReportReporter -->
<testsuite skipped="0" hostname="Techcanvass" name="com.test.Hi" tests="1" failures="0" timestamp="31 Dec 2009 19:42:27 GMT" time="0.082" errors="0">
  <testcase name="f" time="0.082" classname="com.test.Hi"/>
</testsuite> <!-- com.test.Hi -->
